2025-02-14 19:56:48,582 - root - INFO - *** Started Page Title Test ***
2025-02-14 19:56:48,582 - root - INFO - *** Opening the url ***
2025-02-14 19:56:49,838 - root - ERROR - *** Page Title Test Failed: Expected title 'Swag Labs' but got ''
assert '' == 'Swag Labs'
  
  - Swag Labs ***
2025-02-14 19:56:53,984 - root - INFO - *** Started Login Test ***
2025-02-14 19:56:53,984 - root - INFO - *** Started Login Test ***
2025-02-14 19:56:55,104 - root - ERROR - *** Login Test Failed: 'WebDriver' object has no attribute 'find_element_by_xpath' ***
2025-02-14 19:56:55,104 - root - ERROR - *** Login Test Failed: 'WebDriver' object has no attribute 'find_element_by_xpath' ***
2025-02-14 20:11:38,271 - root - INFO - *** Started Page Title Test ***
2025-02-14 20:11:38,271 - root - INFO - *** Opening the url ***
2025-02-14 20:11:40,306 - root - INFO - *** Page Title Test Passed ***
2025-02-14 20:11:44,244 - root - INFO - *** Started Login Test ***
2025-02-14 20:11:44,244 - root - INFO - *** Started Login Test ***
2025-02-14 20:11:46,746 - root - ERROR - *** Login Test Failed: 'WebElement' object has no attribute 'send_key' ***
2025-02-14 20:11:46,746 - root - ERROR - *** Login Test Failed: 'WebElement' object has no attribute 'send_key' ***
2025-02-14 20:13:15,475 - root - INFO - *** Started Page Title Test ***
2025-02-14 20:13:15,476 - root - INFO - *** Opening the url ***
2025-02-14 20:13:18,429 - root - INFO - *** Page Title Test Passed ***
2025-02-14 20:13:22,322 - root - INFO - *** Started Login Test ***
2025-02-14 20:13:22,322 - root - INFO - *** Started Login Test ***
2025-02-14 20:13:24,242 - root - ERROR - *** Login Test Failed: 'WebElement' object has no attribute 'send_key' ***
2025-02-14 20:13:24,242 - root - ERROR - *** Login Test Failed: 'WebElement' object has no attribute 'send_key' ***
2025-02-14 20:13:49,655 - root - INFO - *** Started Page Title Test ***
2025-02-14 20:13:49,655 - root - INFO - *** Opening the url ***
2025-02-14 20:13:51,968 - root - ERROR - *** Page Title Test Failed: Expected title 'Swag Labs' but got ''
assert '' == 'Swag Labs'
  
  - Swag Labs ***
2025-02-14 20:13:55,902 - root - INFO - *** Started Login Test ***
2025-02-14 20:13:55,902 - root - INFO - *** Started Login Test ***
2025-02-14 20:14:02,765 - root - ERROR - *** Login Test Failed: 'WebElement' object has no attribute 'send_key' ***
2025-02-14 20:14:02,765 - root - ERROR - *** Login Test Failed: 'WebElement' object has no attribute 'send_key' ***
2025-02-14 20:16:15,012 - root - INFO - *** Started Page Title Test ***
2025-02-14 20:16:15,012 - root - INFO - *** Opening the url ***
2025-02-14 20:16:17,919 - root - INFO - *** Page Title Test Passed ***
2025-02-14 20:16:21,816 - root - INFO - *** Started Login Test ***
2025-02-14 20:16:21,816 - root - INFO - *** Started Login Test ***
2025-02-14 20:16:39,228 - root - ERROR - *** Login Test Failed: 'WebDriver' object has no attribute 'find_element_by_xpath' ***
2025-02-14 20:16:39,228 - root - ERROR - *** Login Test Failed: 'WebDriver' object has no attribute 'find_element_by_xpath' ***
2025-02-14 20:18:18,162 - root - INFO - *** Started Page Title Test ***
2025-02-14 20:18:18,162 - root - INFO - *** Opening the url ***
2025-02-14 20:18:21,047 - root - INFO - *** Page Title Test Passed ***
2025-02-14 20:18:24,968 - root - INFO - *** Started Login Test ***
2025-02-14 20:18:24,968 - root - INFO - *** Started Login Test ***
2025-02-14 20:18:42,310 - root - INFO - *** Login Test Passed ***
2025-02-14 20:18:42,310 - root - INFO - *** Login Test Passed ***
2025-02-18 17:09:36,362 - root - INFO - *** Started Page Title Test ***
2025-02-18 17:09:36,362 - root - INFO - *** Opening the url ***
2025-02-18 17:09:36,362 - root - ERROR - *** Page Title Test Failed: 'NoneType' object has no attribute 'get' ***
2025-02-18 17:09:45,538 - root - INFO - *** Started Login Test ***
2025-02-18 17:09:45,538 - root - INFO - *** Started Login Test ***
2025-02-18 17:09:45,539 - root - ERROR - *** Login Test Failed: 'NoneType' object has no attribute 'get' ***
2025-02-18 17:09:45,539 - root - ERROR - *** Login Test Failed: 'NoneType' object has no attribute 'get' ***
2025-02-18 17:11:03,695 - root - INFO - *** Started Page Title Test ***
2025-02-18 17:11:03,696 - root - INFO - *** Opening the url ***
2025-02-18 17:11:03,696 - root - ERROR - *** Page Title Test Failed: 'NoneType' object has no attribute 'get' ***
2025-02-18 17:11:12,963 - root - INFO - *** Started Login Test ***
2025-02-18 17:11:12,963 - root - INFO - *** Started Login Test ***
2025-02-18 17:11:12,964 - root - ERROR - *** Login Test Failed: 'NoneType' object has no attribute 'get' ***
2025-02-18 17:11:12,964 - root - ERROR - *** Login Test Failed: 'NoneType' object has no attribute 'get' ***
2025-02-18 17:14:16,296 - root - INFO - *** Started Page Title Test ***
2025-02-18 17:14:16,297 - root - INFO - *** Opening the url ***
2025-02-18 17:14:16,297 - root - ERROR - *** Page Title Test Failed: 'NoneType' object has no attribute 'get' ***
2025-02-18 17:14:25,185 - root - INFO - *** Started Login Test ***
2025-02-18 17:14:25,185 - root - INFO - *** Started Login Test ***
2025-02-18 17:14:25,185 - root - ERROR - *** Login Test Failed: 'NoneType' object has no attribute 'get' ***
2025-02-18 17:14:25,185 - root - ERROR - *** Login Test Failed: 'NoneType' object has no attribute 'get' ***
2025-02-18 17:20:29,134 - root - INFO - *** Started Page Title Test ***
2025-02-18 17:20:29,135 - root - INFO - *** Opening the url ***
2025-02-18 17:20:29,135 - root - ERROR - *** Page Title Test Failed: 'NoneType' object has no attribute 'get' ***
2025-02-18 17:20:38,160 - root - INFO - *** Started Login Test ***
2025-02-18 17:20:38,160 - root - INFO - *** Started Login Test ***
2025-02-18 17:20:38,160 - root - ERROR - *** Login Test Failed: 'NoneType' object has no attribute 'get' ***
2025-02-18 17:20:38,160 - root - ERROR - *** Login Test Failed: 'NoneType' object has no attribute 'get' ***
2025-02-18 17:26:33,834 - root - INFO - *** Started Page Title Test ***
2025-02-18 17:26:33,834 - root - INFO - *** Opening the url ***
2025-02-18 17:26:33,834 - root - ERROR - *** Page Title Test Failed: 'NoneType' object has no attribute 'get' ***
2025-02-18 17:26:33,958 - root - INFO - *** Started Login Test ***
2025-02-18 17:26:33,958 - root - INFO - *** Started Login Test ***
2025-02-18 17:26:33,958 - root - ERROR - *** Login Test Failed: 'NoneType' object has no attribute 'get' ***
2025-02-18 17:26:33,958 - root - ERROR - *** Login Test Failed: 'NoneType' object has no attribute 'get' ***
2025-02-18 17:26:41,387 - root - INFO - *** Started Page Title Test ***
2025-02-18 17:26:41,388 - root - INFO - *** Opening the url ***
2025-02-18 17:26:41,388 - root - ERROR - *** Page Title Test Failed: 'NoneType' object has no attribute 'get' ***
2025-02-18 17:26:41,536 - root - INFO - *** Started Login Test ***
2025-02-18 17:26:41,536 - root - INFO - *** Started Login Test ***
2025-02-18 17:26:41,536 - root - ERROR - *** Login Test Failed: 'NoneType' object has no attribute 'get' ***
2025-02-18 17:26:41,536 - root - ERROR - *** Login Test Failed: 'NoneType' object has no attribute 'get' ***
2025-02-18 17:31:25,178 - WDM - INFO - ====== WebDriver manager ======
2025-02-18 17:31:26,863 - WDM - INFO - There is no [win32] chromedriver "latest" for browser google-chrome "133.0.6943" in cache
2025-02-18 17:31:26,864 - WDM - INFO - Get LATEST chromedriver version for google-chrome
2025-02-18 17:31:27,398 - root - INFO - *** Started Page Title Test ***
2025-02-18 17:31:27,398 - root - INFO - *** Opening the url ***
2025-02-18 17:31:27,399 - root - ERROR - *** Page Title Test Failed: 'NoneType' object has no attribute 'get' ***
2025-02-18 17:31:27,577 - WDM - INFO - ====== WebDriver manager ======
2025-02-18 17:31:27,577 - WDM - INFO - ====== WebDriver manager ======
2025-02-18 17:31:28,494 - WDM - INFO - There is no [win32] chromedriver "latest" for browser google-chrome "133.0.6943" in cache
2025-02-18 17:31:28,494 - WDM - INFO - There is no [win32] chromedriver "latest" for browser google-chrome "133.0.6943" in cache
2025-02-18 17:31:28,495 - WDM - INFO - Get LATEST chromedriver version for google-chrome
2025-02-18 17:31:28,495 - WDM - INFO - Get LATEST chromedriver version for google-chrome
2025-02-18 17:31:28,845 - root - INFO - *** Started Login Test ***
2025-02-18 17:31:28,845 - root - INFO - *** Started Login Test ***
2025-02-18 17:31:28,845 - root - ERROR - *** Login Test Failed: 'NoneType' object has no attribute 'get' ***
2025-02-18 17:31:28,845 - root - ERROR - *** Login Test Failed: 'NoneType' object has no attribute 'get' ***
2025-02-18 17:32:19,964 - WDM - INFO - ====== WebDriver manager ======
2025-02-18 17:32:20,759 - WDM - INFO - There is no [win32] chromedriver "latest" for browser google-chrome "133.0.6943" in cache
2025-02-18 17:32:20,759 - WDM - INFO - Get LATEST chromedriver version for google-chrome
2025-02-18 17:32:21,530 - root - INFO - *** Started Page Title Test ***
2025-02-18 17:32:21,532 - root - INFO - *** Opening the url ***
2025-02-18 17:32:21,532 - root - ERROR - *** Page Title Test Failed: 'NoneType' object has no attribute 'get' ***
2025-02-18 17:32:21,716 - WDM - INFO - ====== WebDriver manager ======
2025-02-18 17:32:21,716 - WDM - INFO - ====== WebDriver manager ======
2025-02-18 17:32:22,625 - WDM - INFO - There is no [win32] chromedriver "latest" for browser google-chrome "133.0.6943" in cache
2025-02-18 17:32:22,625 - WDM - INFO - There is no [win32] chromedriver "latest" for browser google-chrome "133.0.6943" in cache
2025-02-18 17:32:22,625 - WDM - INFO - Get LATEST chromedriver version for google-chrome
2025-02-18 17:32:22,625 - WDM - INFO - Get LATEST chromedriver version for google-chrome
2025-02-18 17:32:22,986 - root - INFO - *** Started Login Test ***
2025-02-18 17:32:22,986 - root - INFO - *** Started Login Test ***
2025-02-18 17:32:22,986 - root - ERROR - *** Login Test Failed: 'NoneType' object has no attribute 'get' ***
2025-02-18 17:32:22,986 - root - ERROR - *** Login Test Failed: 'NoneType' object has no attribute 'get' ***
2025-02-18 17:37:14,412 - WDM - INFO - ====== WebDriver manager ======
2025-02-18 17:37:15,310 - WDM - INFO - There is no [win32] chromedriver "latest" for browser google-chrome "133.0.6943" in cache
2025-02-18 17:37:15,310 - WDM - INFO - Get LATEST chromedriver version for google-chrome
2025-02-18 17:37:15,716 - root - INFO - *** Started Page Title Test ***
2025-02-18 17:37:15,716 - root - INFO - *** Opening the url ***
2025-02-18 17:37:15,716 - root - ERROR - *** Page Title Test Failed: 'NoneType' object has no attribute 'get' ***
2025-02-18 17:37:15,958 - WDM - INFO - ====== WebDriver manager ======
2025-02-18 17:37:15,958 - WDM - INFO - ====== WebDriver manager ======
2025-02-18 17:37:16,857 - WDM - INFO - There is no [win32] chromedriver "latest" for browser google-chrome "133.0.6943" in cache
2025-02-18 17:37:16,857 - WDM - INFO - There is no [win32] chromedriver "latest" for browser google-chrome "133.0.6943" in cache
2025-02-18 17:37:16,858 - WDM - INFO - Get LATEST chromedriver version for google-chrome
2025-02-18 17:37:16,858 - WDM - INFO - Get LATEST chromedriver version for google-chrome
2025-02-18 17:37:17,168 - root - INFO - *** Started Login Test ***
2025-02-18 17:37:17,168 - root - INFO - *** Started Login Test ***
2025-02-18 17:37:17,168 - root - ERROR - *** Login Test Failed: 'NoneType' object has no attribute 'get' ***
2025-02-18 17:37:17,168 - root - ERROR - *** Login Test Failed: 'NoneType' object has no attribute 'get' ***
2025-02-18 17:37:45,708 - root - INFO - *** Started Page Title Test ***
2025-02-18 17:37:45,708 - root - INFO - *** Opening the url ***
2025-02-18 17:37:45,709 - root - ERROR - *** Page Title Test Failed: 'NoneType' object has no attribute 'get' ***
2025-02-18 17:37:54,767 - root - INFO - *** Started Login Test ***
2025-02-18 17:37:54,767 - root - INFO - *** Started Login Test ***
2025-02-18 17:37:54,767 - root - ERROR - *** Login Test Failed: 'NoneType' object has no attribute 'get' ***
2025-02-18 17:37:54,767 - root - ERROR - *** Login Test Failed: 'NoneType' object has no attribute 'get' ***
2025-02-18 17:38:33,385 - root - INFO - *** Started Page Title Test ***
2025-02-18 17:38:33,385 - root - INFO - *** Opening the url ***
2025-02-18 17:38:33,386 - root - ERROR - *** Page Title Test Failed: 'NoneType' object has no attribute 'get' ***
2025-02-18 17:38:42,225 - root - INFO - *** Started Login Test ***
2025-02-18 17:38:42,225 - root - INFO - *** Started Login Test ***
2025-02-18 17:38:42,225 - root - ERROR - *** Login Test Failed: 'NoneType' object has no attribute 'get' ***
2025-02-18 17:38:42,225 - root - ERROR - *** Login Test Failed: 'NoneType' object has no attribute 'get' ***
2025-02-18 17:42:50,755 - root - INFO - *** Started Page Title Test ***
2025-02-18 17:42:50,756 - root - INFO - *** Opening the url ***
2025-02-18 17:42:50,757 - root - ERROR - *** Page Title Test Failed: 'NoneType' object has no attribute 'get' ***
2025-02-18 17:42:59,662 - root - INFO - *** Started Login Test ***
2025-02-18 17:42:59,662 - root - INFO - *** Started Login Test ***
2025-02-18 17:42:59,663 - root - ERROR - *** Login Test Failed: 'NoneType' object has no attribute 'get' ***
2025-02-18 17:42:59,663 - root - ERROR - *** Login Test Failed: 'NoneType' object has no attribute 'get' ***
2025-02-18 17:45:00,747 - root - INFO - *** Started Page Title Test ***
2025-02-18 17:45:00,747 - root - INFO - *** Opening the url ***
2025-02-18 17:45:00,748 - root - ERROR - *** Page Title Test Failed: 'NoneType' object has no attribute 'get' ***
2025-02-18 17:45:09,664 - root - INFO - *** Started Login Test ***
2025-02-18 17:45:09,664 - root - INFO - *** Started Login Test ***
2025-02-18 17:45:09,665 - root - ERROR - *** Login Test Failed: 'NoneType' object has no attribute 'get' ***
2025-02-18 17:45:09,665 - root - ERROR - *** Login Test Failed: 'NoneType' object has no attribute 'get' ***
2025-02-18 17:46:19,559 - root - INFO - *** Started Page Title Test ***
2025-02-18 17:46:19,560 - root - INFO - *** Opening the url ***
2025-02-18 17:46:19,561 - root - ERROR - *** Page Title Test Failed: 'NoneType' object has no attribute 'get' ***
2025-02-18 17:46:28,561 - root - INFO - *** Started Login Test ***
2025-02-18 17:46:28,561 - root - INFO - *** Started Login Test ***
2025-02-18 17:46:28,562 - root - INFO - *** Opening the url ***
2025-02-18 17:46:28,562 - root - INFO - *** Opening the url ***
2025-02-18 17:46:28,562 - root - ERROR - *** Login Test Failed: 'NoneType' object has no attribute 'get' ***
2025-02-18 17:46:28,562 - root - ERROR - *** Login Test Failed: 'NoneType' object has no attribute 'get' ***
